<?xml version="1.0" encoding="UTF-8"?>
<testsuite name="com.sysaid.assignment.AssignmentApplicationTests" tests="1" skipped="0" failures="0" errors="0" timestamp="2023-11-30T18:50:39" hostname="ANDREIL2-LW10" time="0.395">
  <properties/>
  <testcase name="contextLoads()" classname="com.sysaid.assignment.AssignmentApplicationTests" time="0.395"/>
  <system-out><![CDATA[20:50:37.721 [Test worker] DEBUG org.springframework.test.context.BootstrapUtils - Instantiating CacheAwareContextLoaderDelegate from class [org.springframework.test.context.cache.DefaultCacheAwareContextLoaderDelegate]
20:50:37.735 [Test worker] DEBUG org.springframework.test.context.BootstrapUtils - Instantiating BootstrapContext using constructor [public org.springframework.test.context.support.DefaultBootstrapContext(java.lang.Class,org.springframework.test.context.CacheAwareContextLoaderDelegate)]
20:50:37.771 [Test worker] DEBUG org.springframework.test.context.BootstrapUtils - Instantiating TestContextBootstrapper for test class [com.sysaid.assignment.AssignmentApplicationTests] from class [org.springframework.boot.test.context.SpringBootTestContextBootstrapper]
20:50:37.783 [Test worker] INFO org.springframework.boot.test.context.SpringBootTestContextBootstrapper - Neither @ContextConfiguration nor @ContextHierarchy found for test class [com.sysaid.assignment.AssignmentApplicationTests], using SpringBootContextLoader
20:50:37.787 [Test worker] DEBUG org.springframework.test.context.support.AbstractContextLoader - Did not detect default resource location for test class [com.sysaid.assignment.AssignmentApplicationTests]: class path resource [com/sysaid/assignment/AssignmentApplicationTests-context.xml] does not exist
20:50:37.787 [Test worker] DEBUG org.springframework.test.context.support.AbstractContextLoader - Did not detect default resource location for test class [com.sysaid.assignment.AssignmentApplicationTests]: class path resource [com/sysaid/assignment/AssignmentApplicationTestsContext.groovy] does not exist
20:50:37.787 [Test worker] INFO org.springframework.test.context.support.AbstractContextLoader - Could not detect default resource locations for test class [com.sysaid.assignment.AssignmentApplicationTests]: no resource found for suffixes {-context.xml, Context.groovy}.
20:50:37.787 [Test worker] INFO org.springframework.test.context.support.AnnotationConfigContextLoaderUtils - Could not detect default configuration classes for test class [com.sysaid.assignment.AssignmentApplicationTests]: AssignmentApplicationTests does not declare any static, non-private, non-final, nested classes annotated with @Configuration.
20:50:37.823 [Test worker] DEBUG org.springframework.test.context.support.ActiveProfilesUtils - Could not find an 'annotation declaring class' for annotation type [org.springframework.test.context.ActiveProfiles] and class [com.sysaid.assignment.AssignmentApplicationTests]
20:50:37.871 [Test worker] DEBUG org.springframework.context.annotation.ClassPathScanningCandidateComponentProvider - Identified candidate component class: file [C:\Users\andrei.luca\Documents\Aa ssignment\assignment\build\classes\java\main\com\sysaid\assignment\AssignmentApplication.class]
20:50:37.872 [Test worker] INFO org.springframework.boot.test.context.SpringBootTestContextBootstrapper - Found @SpringBootConfiguration com.sysaid.assignment.AssignmentApplication for test class com.sysaid.assignment.AssignmentApplicationTests
20:50:37.964 [Test worker] DEBUG org.springframework.boot.test.context.SpringBootTestContextBootstrapper - @TestExecutionListeners is not present for class [com.sysaid.assignment.AssignmentApplicationTests]: using defaults.
20:50:37.966 [Test worker] INFO org.springframework.boot.test.context.SpringBootTestContextBootstrapper - Loaded default TestExecutionListener class names from location [META-INF/spring.factories]: [org.springframework.boot.test.autoconfigure.restdocs.RestDocsTestExecutionListener, org.springframework.boot.test.autoconfigure.web.client.MockRestServiceServerResetTestExecutionListener, org.springframework.boot.test.autoconfigure.web.servlet.MockMvcPrintOnlyOnFailureTestExecutionListener, org.springframework.boot.test.autoconfigure.web.servlet.WebDriverTestExecutionListener, org.springframework.boot.test.autoconfigure.webservices.client.MockWebServiceServerTestExecutionListener, org.springframework.boot.test.mock.mockito.MockitoTestExecutionListener, org.springframework.boot.test.mock.mockito.ResetMocksTestExecutionListener, org.springframework.test.context.web.ServletTestExecutionListener, org.springframework.test.context.support.DirtiesContextBeforeModesTestExecutionListener, org.springframework.test.context.event.ApplicationEventsTestExecutionListener, org.springframework.test.context.support.DependencyInjectionTestExecutionListener, org.springframework.test.context.support.DirtiesContextTestExecutionListener, org.springframework.test.context.transaction.TransactionalTestExecutionListener, org.springframework.test.context.jdbc.SqlScriptsTestExecutionListener, org.springframework.test.context.event.EventPublishingTestExecutionListener]
20:50:37.978 [Test worker] DEBUG org.springframework.boot.test.context.SpringBootTestContextBootstrapper - Skipping candidate TestExecutionListener [org.springframework.test.context.transaction.TransactionalTestExecutionListener] due to a missing dependency. Specify custom listener classes or make the default listener classes and their required dependencies available. Offending class: [org/springframework/transaction/TransactionDefinition]
20:50:37.979 [Test worker] DEBUG org.springframework.boot.test.context.SpringBootTestContextBootstrapper - Skipping candidate TestExecutionListener [org.springframework.test.context.jdbc.SqlScriptsTestExecutionListener] due to a missing dependency. Specify custom listener classes or make the default listener classes and their required dependencies available. Offending class: [org/springframework/transaction/interceptor/TransactionAttribute]
20:50:37.979 [Test worker] INFO org.springframework.boot.test.context.SpringBootTestContextBootstrapper - Using TestExecutionListeners: [org.springframework.test.context.web.ServletTestExecutionListener@773f7880, org.springframework.test.context.support.DirtiesContextBeforeModesTestExecutionListener@878452d, org.springframework.test.context.event.ApplicationEventsTestExecutionListener@426b6a74, org.springframework.boot.test.mock.mockito.MockitoTestExecutionListener@4c51bb7, org.springframework.boot.test.autoconfigure.SpringBootDependencyInjectionTestExecutionListener@83298d7, org.springframework.test.context.support.DirtiesContextTestExecutionListener@42a9e5d1, org.springframework.test.context.event.EventPublishingTestExecutionListener@5b080f3a, org.springframework.boot.test.autoconfigure.restdocs.RestDocsTestExecutionListener@773cbf4f, org.springframework.boot.test.autoconfigure.web.client.MockRestServiceServerResetTestExecutionListener@6b54655f, org.springframework.boot.test.autoconfigure.web.servlet.MockMvcPrintOnlyOnFailureTestExecutionListener@665e9289, org.springframework.boot.test.autoconfigure.web.servlet.WebDriverTestExecutionListener@7d3430a7, org.springframework.boot.test.autoconfigure.webservices.client.MockWebServiceServerTestExecutionListener@6f603e89, org.springframework.boot.test.mock.mockito.ResetMocksTestExecutionListener@2756c0a7]
20:50:37.983 [Test worker] DEBUG org.springframework.test.context.support.AbstractDirtiesContextTestExecutionListener - Before test class: context [DefaultTestContext@51850751 testClass = AssignmentApplicationTests, testInstance = [null], testMethod = [null], testException = [null], mergedContextConfiguration = [WebMergedContextConfiguration@3ce3db41 testClass = AssignmentApplicationTests, locations = '{}', classes = '{class com.sysaid.assignment.AssignmentApplication}', contextInitializerClasses = '[]', activeProfiles = '{}', propertySourceLocations = '{}', propertySourceProperties = '{org.springframework.boot.test.context.SpringBootTestContextBootstrapper=true}', contextCustomizers = set[org.springframework.boot.test.autoconfigure.actuate.metrics.MetricsExportContextCustomizerFactory$DisableMetricExportContextCustomizer@49ff7d8c, org.springframework.boot.test.autoconfigure.properties.PropertyMappingContextCustomizer@0, org.springframework.boot.test.autoconfigure.web.servlet.WebDriverContextCustomizerFactory$Customizer@3ad2e17, org.springframework.boot.test.context.filter.ExcludeFilterContextCustomizer@1608bcbd, org.springframework.boot.test.json.DuplicateJsonObjectContextCustomizerFactory$DuplicateJsonObjectContextCustomizer@b2c5e07, org.springframework.boot.test.mock.mockito.MockitoContextCustomizer@0, org.springframework.boot.test.web.client.TestRestTemplateContextCustomizer@676cf48, org.springframework.boot.test.context.SpringBootTestArgs@1, org.springframework.boot.test.context.SpringBootTestWebEnvironment@2e55dd0c], resourceBasePath = 'src/main/webapp', contextLoader = 'org.springframework.boot.test.context.SpringBootContextLoader', parent = [null]], attributes = map['org.springframework.test.context.web.ServletTestExecutionListener.activateListener' -> true]], class annotated with @DirtiesContext [false] with mode [null].

  .   ____          _            __ _ _
 /\\ / ___'_ __ _ _(_)_ __  __ _ \ \ \ \
( ( )\___ | '_ | '_| | '_ \/ _` | \ \ \ \
 \\/  ___)| |_)| | | | | || (_| |  ) ) ) )
  '  |____| .__|_| |_|_| |_\__, | / / / /
 =========|_|==============|___/=/_/_/_/
 :: Spring Boot ::                (v2.6.5)

2023-11-30 20:50:38.262  INFO 26940 --- [    Test worker] c.s.a.AssignmentApplicationTests         : Starting AssignmentApplicationTests using Java 17.0.9 on ANDREIL2-LW10 with PID 26940 (started by andrei.luca in C:\Users\andrei.luca\Documents\Aa ssignment\assignment)
2023-11-30 20:50:38.264  INFO 26940 --- [    Test worker] c.s.a.AssignmentApplicationTests         : No active profile set, falling back to 1 default profile: "default"
2023-11-30 20:50:39.554  INFO 26940 --- [    Test worker] c.s.a.AssignmentApplicationTests         : Started AssignmentApplicationTests in 1.538 seconds (JVM running for 2.5)
]]></system-out>
  <system-err><![CDATA[]]></system-err>
</testsuite>
